CordovaLibs/build/outputs/logs/manifest-merger-debug-report.txt
-- Merging decision tree log ---
manifest
ADDED from IndiClass\CordovaLibs\AndroidManifest.xml:20:1-30:12
INJECTED from IndiClass\CordovaLibs\AndroidManifest.xml:20:1-30:12
INJECTED from IndiClass\CordovaLibs\AndroidManifest.xml:20:1-30:12
INJECTED from IndiClass\CordovaLibs\AndroidManifest.xml:20:1-30:12
INJECTED from IndiClass\CordovaLibs\AndroidManifest.xml:20:1-30:12
INJECTED from IndiClass\CordovaLibs\AndroidManifest.xml:20:1-30:12
INJECTED from IndiClass\CordovaLibs\AndroidManifest.xml:20:1-30:12
	package
		ADDED from IndiClass\CordovaLibs\AndroidManifest.xml:21:7-35
		INJECTED from IndiClass\CordovaLibs\AndroidManifest.xml
		INJECTED from IndiClass\CordovaLibs\AndroidManifest.xml
	android:versionName
		ADDED from IndiClass\CordovaLibs\AndroidManifest.xml:21:36-61
		INJECTED from IndiClass\CordovaLibs\AndroidManifest.xml
		INJECTED from IndiClass\CordovaLibs\AndroidManifest.xml
	xmlns:android
		ADDED from IndiClass\CordovaLibs\AndroidManifest.xml:20:11-69
	android:versionCode
		ADDED from IndiClass\CordovaLibs\AndroidManifest.xml:21:62-85
		INJECTED from IndiClass\CordovaLibs\AndroidManifest.xml
		INJECTED from IndiClass\CordovaLibs\AndroidManifest.xml
uses-sdk
ADDED from IndiClass\CordovaLibs\AndroidManifest.xml:22:5-44
	android:minSdkVersion
		ADDED from IndiClass\CordovaLibs\AndroidManifest.xml:22:15-41
uses-permission#android.permission.INTERNET
ADDED from IndiClass\CordovaLibs\AndroidManifest.xml:23:5-67
	android:name
		ADDED from IndiClass\CordovaLibs\AndroidManifest.xml:23:22-64
uses-permission#android.permission.CAMERA
ADDED from IndiClass\CordovaLibs\AndroidManifest.xml:24:5-65
	android:name
		ADDED from IndiClass\CordovaLibs\AndroidManifest.xml:24:22-62
uses-permission#android.permission.MODIFY_AUDIO_SETTINGS
ADDED from IndiClass\CordovaLibs\AndroidManifest.xml:25:5-80
	android:name
		ADDED from IndiClass\CordovaLibs\AndroidManifest.xml:25:22-77
uses-permission#android.permission.RECORD_AUDIO
ADDED from IndiClass\CordovaLibs\AndroidManifest.xml:26:5-71
	android:name
		ADDED from IndiClass\CordovaLibs\AndroidManifest.xml:26:22-68
uses-feature#android.hardware.camera
ADDED from IndiClass\CordovaLibs\AndroidManifest.xml:27:5-29:35
	android:required
		ADDED from IndiClass\CordovaLibs\AndroidManifest.xml:29:9-32
	android:name
		ADDED from IndiClass\CordovaLibs\AndroidManifest.xml:28:9-47